Compiling the C compiler identification source file "CMakeCCompilerId.c" failed.
Compiler: /usr/bin/gcc-7 
Build flags: 
Id flags:  

The output was:
No such file or directory


Compiling the C compiler identification source file "CMakeCCompilerId.c" failed.
Compiler: /usr/bin/gcc-7 
Build flags: 
Id flags: -c 

The output was:
No such file or directory


Compiling the C compiler identification source file "CMakeCCompilerId.c" failed.
Compiler: /usr/bin/gcc-7 
Build flags: 
Id flags: -Aa 

The output was:
No such file or directory


Compiling the C compiler identification source file "CMakeCCompilerId.c" failed.
Compiler: /usr/bin/gcc-7 
Build flags: 
Id flags: -D__CLASSIC_C__ 

The output was:
No such file or directory


Compiling the C compiler identification source file "CMakeCCompilerId.c" failed.
Compiler: /usr/bin/gcc-7 
Build flags: 
Id flags:  

The output was:
No such file or directory


Compiling the C compiler identification source file "CMakeCCompilerId.c" failed.
Compiler: /usr/bin/gcc-7 
Build flags: 
Id flags: -c 

The output was:
No such file or directory


Compiling the C compiler identification source file "CMakeCCompilerId.c" failed.
Compiler: /usr/bin/gcc-7 
Build flags: 
Id flags: -Aa 

The output was:
No such file or directory


Compiling the C compiler identification source file "CMakeCCompilerId.c" failed.
Compiler: /usr/bin/gcc-7 
Build flags: 
Id flags: -D__CLASSIC_C__ 

The output was:
No such file or directory


Checking whether the C compiler is IAR using "" did not match "IAR .+ Compiler":
Checking whether the C compiler is IAR using "" did not match "IAR .+ Compiler":
Compiling the CXX compiler identification source file "CMakeCXXCompilerId.cpp" failed.
Compiler: /usr/bin/g++-7 
Build flags: 
Id flags:  

The output was:
No such file or directory


Compiling the CXX compiler identification source file "CMakeCXXCompilerId.cpp" failed.
Compiler: /usr/bin/g++-7 
Build flags: 
Id flags: -c 

The output was:
No such file or directory


Compiling the CXX compiler identification source file "CMakeCXXCompilerId.cpp" failed.
Compiler: /usr/bin/g++-7 
Build flags: 
Id flags: --c++ 

The output was:
No such file or directory


Compiling the CXX compiler identification source file "CMakeCXXCompilerId.cpp" failed.
Compiler: /usr/bin/g++-7 
Build flags: 
Id flags: --ec++ 

The output was:
No such file or directory


Compiling the CXX compiler identification source file "CMakeCXXCompilerId.cpp" failed.
Compiler: /usr/bin/g++-7 
Build flags: 
Id flags:  

The output was:
No such file or directory


Compiling the CXX compiler identification source file "CMakeCXXCompilerId.cpp" failed.
Compiler: /usr/bin/g++-7 
Build flags: 
Id flags: -c 

The output was:
No such file or directory


Compiling the CXX compiler identification source file "CMakeCXXCompilerId.cpp" failed.
Compiler: /usr/bin/g++-7 
Build flags: 
Id flags: --c++ 

The output was:
No such file or directory


Compiling the CXX compiler identification source file "CMakeCXXCompilerId.cpp" failed.
Compiler: /usr/bin/g++-7 
Build flags: 
Id flags: --ec++ 

The output was:
No such file or directory


Checking whether the CXX compiler is IAR using "" did not match "IAR .+ Compiler":
Checking whether the CXX compiler is IAR using "" did not match "IAR .+ Compiler":
Determining if the pthread_create exist failed with the following output:
Change Dir: /home/roma/pro/pro_lin/canTest/src/cantest/build/CMakeFiles/CMakeTmp

Run Build Command:"/usr/bin/make" "cmTC_e1cfb/fast"
/usr/bin/make -f CMakeFiles/cmTC_e1cfb.dir/build.make CMakeFiles/cmTC_e1cfb.dir/build
make[1]: Entering directory '/home/roma/pro/pro_lin/canTest/src/cantest/build/CMakeFiles/CMakeTmp'
Building C object CMakeFiles/cmTC_e1cfb.dir/CheckSymbolExists.c.o
/usr/bin/gcc-7    -o CMakeFiles/cmTC_e1cfb.dir/CheckSymbolExists.c.o   -c /home/roma/pro/pro_lin/canTest/src/cantest/build/CMakeFiles/CMakeTmp/CheckSymbolExists.c
Linking C executable cmTC_e1cfb
/usr/bin/cmake -E cmake_link_script CMakeFiles/cmTC_e1cfb.dir/link.txt --verbose=1
/usr/bin/gcc-7      CMakeFiles/cmTC_e1cfb.dir/CheckSymbolExists.c.o  -o cmTC_e1cfb 
CMakeFiles/cmTC_e1cfb.dir/CheckSymbolExists.c.o: In function `main':
CheckSymbolExists.c:(.text+0x1b): undefined reference to `pthread_create'
collect2: error: ld returned 1 exit status
CMakeFiles/cmTC_e1cfb.dir/build.make:97: recipe for target 'cmTC_e1cfb' failed
make[1]: *** [cmTC_e1cfb] Error 1
make[1]: Leaving directory '/home/roma/pro/pro_lin/canTest/src/cantest/build/CMakeFiles/CMakeTmp'
Makefile:126: recipe for target 'cmTC_e1cfb/fast' failed
make: *** [cmTC_e1cfb/fast] Error 2

File /home/roma/pro/pro_lin/canTest/src/cantest/build/CMakeFiles/CMakeTmp/CheckSymbolExists.c:
/* */
#include <pthread.h>

int main(int argc, char** argv)
{
  (void)argv;
#ifndef pthread_create
  return ((int*)(&pthread_create))[argc];
#else
  (void)argc;
  return 0;
#endif
}

Determining if the function pthread_create exists in the pthreads failed with the following output:
Change Dir: /home/roma/pro/pro_lin/canTest/src/cantest/build/CMakeFiles/CMakeTmp

Run Build Command:"/usr/bin/make" "cmTC_d6e29/fast"
/usr/bin/make -f CMakeFiles/cmTC_d6e29.dir/build.make CMakeFiles/cmTC_d6e29.dir/build
make[1]: Entering directory '/home/roma/pro/pro_lin/canTest/src/cantest/build/CMakeFiles/CMakeTmp'
Building C object CMakeFiles/cmTC_d6e29.dir/CheckFunctionExists.c.o
/usr/bin/gcc-7   -DCHECK_FUNCTION_EXISTS=pthread_create   -o CMakeFiles/cmTC_d6e29.dir/CheckFunctionExists.c.o   -c /usr/share/cmake-3.10/Modules/CheckFunctionExists.c
Linking C executable cmTC_d6e29
/usr/bin/cmake -E cmake_link_script CMakeFiles/cmTC_d6e29.dir/link.txt --verbose=1
/usr/bin/gcc-7  -DCHECK_FUNCTION_EXISTS=pthread_create    CMakeFiles/cmTC_d6e29.dir/CheckFunctionExists.c.o  -o cmTC_d6e29 -lpthreads 
/usr/bin/ld: cannot find -lpthreads
collect2: error: ld returned 1 exit status
CMakeFiles/cmTC_d6e29.dir/build.make:97: recipe for target 'cmTC_d6e29' failed
make[1]: *** [cmTC_d6e29] Error 1
make[1]: Leaving directory '/home/roma/pro/pro_lin/canTest/src/cantest/build/CMakeFiles/CMakeTmp'
Makefile:126: recipe for target 'cmTC_d6e29/fast' failed
make: *** [cmTC_d6e29/fast] Error 2


